c:\users\11920\desktop\windows\大作业\jst\qtwidgetsapplication1\qtwidgetsapplication1\debug\qrc_qtwidgetsapplication1.obj
c:\users\11920\desktop\windows\大作业\jst\qtwidgetsapplication1\qtwidgetsapplication1\debug\moc_qtwidgetsapplication1.obj
c:\users\11920\desktop\windows\大作业\jst\qtwidgetsapplication1\qtwidgetsapplication1\debug\vc142.pdb
c:\users\11920\desktop\windows\大作业\jst\qtwidgetsapplication1\qtwidgetsapplication1\debug\qtwidgetsapplication1.obj
c:\users\11920\desktop\windows\大作业\jst\qtwidgetsapplication1\qtwidgetsapplication1\debug\main.obj
c:\users\11920\desktop\qtwidgetsapplication1\qtwidgetsapplication1\debug\moc_qtwidgetsapplication1.obj
c:\users\11920\desktop\qtwidgetsapplication1\qtwidgetsapplication1\debug\qrc_qtwidgetsapplication1.obj
c:\users\11920\desktop\qtwidgetsapplication1\qtwidgetsapplication1\debug\vc142.pdb
c:\users\11920\desktop\qtwidgetsapplication1\qtwidgetsapplication1\debug\main.obj
c:\users\11920\desktop\qtwidgetsapplication1\qtwidgetsapplication1\debug\qtwidgetsapplication1.obj
c:\users\11920\desktop\windows\大作业\jst\qtwidgetsapplication1\debug\mingsautoruns.exe
c:\users\11920\desktop\windows\大作业\jst\qtwidgetsapplication1\debug\mingsautoruns.ilk
c:\users\11920\desktop\windows\大作业\jst\qtwidgetsapplication1\debug\mingsautoruns.pdb
c:\users\11920\desktop\qtwidgetsapplication1\debug\mingsautoruns.exe
c:\users\11920\desktop\qtwidgetsapplication1\debug\mingsautoruns.ilk
c:\users\11920\desktop\qtwidgetsapplication1\debug\mingsautoruns.pdb
c:\users\11920\desktop\windows\大作业\jst\qtwidgetsapplication1\qtwidgetsapplication1\debug\uic\ui_qtwidgetsapplication1.h
c:\users\11920\desktop\windows\大作业\jst\qtwidgetsapplication1\qtwidgetsapplication1\debug\rcc\qrc_qtwidgetsapplication1.cpp
c:\users\11920\desktop\windows\大作业\jst\qtwidgetsapplication1\qtwidgetsapplication1\debug\moc\moc_qtwidgetsapplication1.cpp
c:\users\11920\desktop\qtwidgetsapplication1\qtwidgetsapplication1\debug\uic\ui_qtwidgetsapplication1.h
c:\users\11920\desktop\qtwidgetsapplication1\qtwidgetsapplication1\debug\rcc\qrc_qtwidgetsapplication1.cpp
c:\users\11920\desktop\qtwidgetsapplication1\qtwidgetsapplication1\debug\moc\moc_qtwidgetsapplication1.cpp
c:\users\11920\desktop\qtwidgetsapplication1\qtwidgetsapplication1\debug\\moc\moc_qtwidgetsapplication1.cpp
c:\users\11920\desktop\qtwidgetsapplication1\qtwidgetsapplication1\debug\\rcc\qrc_qtwidgetsapplication1.cpp
c:\users\11920\desktop\qtwidgetsapplication1\qtwidgetsapplication1\debug\\uic\ui_qtwidgetsapplication1.h
c:\users\11920\desktop\qtwidgetsapplication1\qtwidgetsapplication1\debug\mingsautoruns.tlog\cl.command.1.tlog
c:\users\11920\desktop\qtwidgetsapplication1\qtwidgetsapplication1\debug\mingsautoruns.tlog\cl.read.1.tlog
c:\users\11920\desktop\qtwidgetsapplication1\qtwidgetsapplication1\debug\mingsautoruns.tlog\cl.write.1.tlog
c:\users\11920\desktop\qtwidgetsapplication1\qtwidgetsapplication1\debug\mingsautoruns.tlog\link.command.1.tlog
c:\users\11920\desktop\qtwidgetsapplication1\qtwidgetsapplication1\debug\mingsautoruns.tlog\link.read.1.tlog
c:\users\11920\desktop\qtwidgetsapplication1\qtwidgetsapplication1\debug\mingsautoruns.tlog\link.write.1.tlog
c:\users\11920\desktop\qtwidgetsapplication1\qtwidgetsapplication1\debug\mingsautoruns.tlog\mingsautoruns.write.1u.tlog
c:\users\11920\desktop\qtwidgetsapplication1\qtwidgetsapplication1\debug\mingsautoruns.tlog\moc.read.1u.tlog
c:\users\11920\desktop\qtwidgetsapplication1\qtwidgetsapplication1\debug\mingsautoruns.tlog\moc.write.1u.tlog
c:\users\11920\desktop\qtwidgetsapplication1\qtwidgetsapplication1\debug\mingsautoruns.tlog\rcc.read.1u.tlog
c:\users\11920\desktop\qtwidgetsapplication1\qtwidgetsapplication1\debug\mingsautoruns.tlog\rcc.write.1u.tlog
c:\users\11920\desktop\qtwidgetsapplication1\qtwidgetsapplication1\debug\mingsautoruns.tlog\uic.read.1u.tlog
c:\users\11920\desktop\qtwidgetsapplication1\qtwidgetsapplication1\debug\mingsautoruns.tlog\uic.write.1u.tlog
